<?xml version="1.0" encoding="UTF-8"?>
<testsuite xmlns:xsi="http://www.w3.org/2001/XMLSchema-instance" xsi:noNamespaceSchemaLocation="https://maven.apache.org/surefire/maven-surefire-plugin/xsd/surefire-test-report.xsd" version="3.0.2" name="com.chathuran.mitimes_developer_app.MitimesDeveloperAppApplicationTests" time="1.666" tests="1" errors="0" skipped="0" failures="0" flakes="0">
  <properties>
[...]
</properties>
  <testcase name="contextLoads" classname="com.chathuran.mitimes_developer_app.MitimesDeveloperAppApplicationTests" time="0.883">
    <system-out><![CDATA[23:35:46.618 [main] INFO org.springframework.test.context.support.AnnotationConfigContextLoaderUtils -- Could not detect default configuration classes for test class [com.chathuran.mitimes_developer_app.MitimesDeveloperAppApplicationTests]: MitimesDeveloperAppApplicationTests does not declare any static, non-private, non-final, nested classes annotated with @Configuration.
23:35:46.688 [main] INFO org.springframework.boot.test.context.SpringBootTestContextBootstrapper -- Found @SpringBootConfiguration com.chathuran.mitimes_developer_app.MitimesDeveloperAppApplication for test class com.chathuran.mitimes_developer_app.MitimesDeveloperAppApplicationTests

  .   ____          _            __ _ _
 /\\ / ___'_ __ _ _(_)_ __  __ _ \ \ \ \
( ( )\___ | '_ | '_| | '_ \/ _` | \ \ \ \
 \\/  ___)| |_)| | | | | || (_| |  ) ) ) )
  '  |____| .__|_| |_|_| |_\__, | / / / /
 =========|_|==============|___/=/_/_/_/

 :: Spring Boot ::      (v3.5.14-SNAPSHOT)

2026-04-01T23:35:47.014+10:30  INFO 57172 --- [mitimes-developer-app] [           main] .c.m.MitimesDeveloperAppApplicationTests : Starting MitimesDeveloperAppApplicationTests using Java 26 with PID 57172 (started by chathurandannoruwa in /Users/chathurandannoruwa/IdeaProjects/mitimes-developer-application)
2026-04-01T23:35:47.015+10:30  INFO 57172 --- [mitimes-developer-app] [           main] .c.m.MitimesDeveloperAppApplicationTests : No active profile set, falling back to 1 default profile: "default"
2026-04-01T23:35:47.312+10:30  INFO 57172 --- [mitimes-developer-app] [           main] .c.m.MitimesDeveloperAppApplicationTests : Started MitimesDeveloperAppApplicationTests in 0.517 seconds (process running for 1.06)
]]></system-out>
    <system-err><![CDATA[Mockito is currently self-attaching to enable the inline-mock-maker. This will no longer work in future releases of the JDK. Please add Mockito as an agent to your build as described in Mockito's documentation: https://javadoc.io/doc/org.mockito/mockito-core/latest/org.mockito/org/mockito/Mockito.html#0.3
WARNING: A Java agent has been loaded dynamically (/Users/chathurandannoruwa/.m2/repository/net/bytebuddy/byte-buddy-agent/1.17.8/byte-buddy-agent-1.17.8.jar)
WARNING: If a serviceability tool is in use, please run with -XX:+EnableDynamicAgentLoading to hide this warning
WARNING: If a serviceability tool is not in use, please run with -Djdk.instrument.traceUsage for more information
WARNING: Dynamic loading of agents will be disallowed by default in a future release
]]></system-err>
  </testcase>
</testsuite>